# JRE version: OpenJDK Runtime Environment (8.0_402) (build 1.8.0_402-internal-racerz_2024_01_30_12_46-b00)
# Java VM: OpenJDK 64-Bit Server VM (25.402-b00 mixed mode linux-amd64 compressed oops)
Heap:
 def new generation   total 38144K, used 20981K [0x0000000084800000, 0x0000000087160000, 0x00000000adaa0000)
  eden space 33920K,  61% used [0x0000000084800000, 0x0000000085c7d520, 0x0000000086920000)
  from space 4224K,   0% used [0x0000000086920000, 0x0000000086920000, 0x0000000086d40000)
  to   space 4224K,   0% used [0x0000000086d40000, 0x0000000086d40000, 0x0000000087160000)
 tenured generation   total 84672K, used 17872K [0x00000000adaa0000, 0x00000000b2d50000, 0x0000000100000000)
   the space 84672K,  21% used [0x00000000adaa0000, 0x00000000aec14048, 0x00000000aec14200, 0x00000000b2d50000)
 Metaspace       used 37179K, capacity 39426K, committed 39680K, reserved 1083392K
  class space    used 4701K, capacity 5118K, committed 5120K, reserved 1048576K
GC Heap History (10 events):
Event: 1.717 GC heap before
{Heap before GC invocations=2 (full 0):
 def new generation   total 38080K, used 35447K [0x0000000084800000, 0x0000000087150000, 0x00000000adaa0000)
  eden space 33856K, 100% used [0x0000000084800000, 0x0000000086910000, 0x0000000086910000)
  from space 4224K,  37% used [0x0000000086910000, 0x0000000086a9dd70, 0x0000000086d30000)
  to   space 4224K,   0% used [0x0000000086d30000, 0x0000000086d30000, 0x0000000087150000)
 tenured generation   total 84672K, used 6426K [0x00000000adaa0000, 0x00000000b2d50000, 0x0000000100000000)
   the space 84672K,   7% used [0x00000000adaa0000, 0x00000000ae0e6bd8, 0x00000000ae0e6c00, 0x00000000b2d50000)
 Metaspace       used 18161K, capacity 19028K, committed 19200K, reserved 1067008K
  class space    used 2269K, capacity 2476K, committed 2560K, reserved 1048576K
Event: 1.721 GC heap after
Heap after GC invocations=3 (full 0):
 def new generation   total 38080K, used 4224K [0x0000000084800000, 0x0000000087150000, 0x00000000adaa0000)
  eden space 33856K,   0% used [0x0000000084800000, 0x0000000084800000, 0x0000000086910000)
  from space 4224K, 100% used [0x0000000086d30000, 0x0000000087150000, 0x0000000087150000)
  to   space 4224K,   0% used [0x0000000086910000, 0x0000000086910000, 0x0000000086d30000)
 tenured generation   total 84672K, used 7328K [0x00000000adaa0000, 0x00000000b2d50000, 0x0000000100000000)
   the space 84672K,   8% used [0x00000000adaa0000, 0x00000000ae1c8388, 0x00000000ae1c8400, 0x00000000b2d50000)
 Metaspace       used 18161K, capacity 19028K, committed 19200K, reserved 1067008K
  class space    used 2269K, capacity 2476K, committed 2560K, reserved 1048576K
}
Event: 2.079 GC heap before
{Heap before GC invocations=3 (full 0):
 def new generation   total 38080K, used 23282K [0x0000000084800000, 0x0000000087150000, 0x00000000adaa0000)
  eden space 33856K,  56% used [0x0000000084800000, 0x0000000085a9c8e8, 0x0000000086910000)
  from space 4224K, 100% used [0x0000000086d30000, 0x0000000087150000, 0x0000000087150000)
  to   space 4224K,   0% used [0x0000000086910000, 0x0000000086910000, 0x0000000086d30000)
 tenured generation   total 84672K, used 7328K [0x00000000adaa0000, 0x00000000b2d50000, 0x0000000100000000)
   the space 84672K,   8% used [0x00000000adaa0000, 0x00000000ae1c8388, 0x00000000ae1c8400, 0x00000000b2d50000)
 Metaspace       used 20243K, capacity 21184K, committed 21248K, reserved 1067008K
  class space    used 2547K, capacity 2754K, committed 2816K, reserved 1048576K
Event: 2.106 GC heap after
Heap after GC invocations=4 (full 1):
 def new generation   total 38144K, used 0K [0x0000000084800000, 0x0000000087160000, 0x00000000adaa0000)
  eden space 33920K,   0% used [0x0000000084800000, 0x0000000084800000, 0x0000000086920000)
  from space 4224K,   0% used [0x0000000086920000, 0x0000000086920000, 0x0000000086d40000)
  to   space 4224K,   0% used [0x0000000086d40000, 0x0000000086d40000, 0x0000000087160000)
 tenured generation   total 84672K, used 11885K [0x00000000adaa0000, 0x00000000b2d50000, 0x0000000100000000)
   the space 84672K,  14% used [0x00000000adaa0000, 0x00000000ae63b678, 0x00000000ae63b800, 0x00000000b2d50000)
 Metaspace       used 20243K, capacity 21184K, committed 21248K, reserved 1067008K
  class space    used 2547K, capacity 2754K, committed 2816K, reserved 1048576K
}
Event: 3.116 GC heap before
{Heap before GC invocations=4 (full 1):
 def new generation   total 38144K, used 33920K [0x0000000084800000, 0x0000000087160000, 0x00000000adaa0000)
  eden space 33920K, 100% used [0x0000000084800000, 0x0000000086920000, 0x0000000086920000)
  from space 4224K,   0% used [0x0000000086920000, 0x0000000086920000, 0x0000000086d40000)
  to   space 4224K,   0% used [0x0000000086d40000, 0x0000000086d40000, 0x0000000087160000)
 tenured generation   total 84672K, used 11885K [0x00000000adaa0000, 0x00000000b2d50000, 0x0000000100000000)
   the space 84672K,  14% used [0x00000000adaa0000, 0x00000000ae63b678, 0x00000000ae63b800, 0x00000000b2d50000)
 Metaspace       used 27348K, capacity 28986K, committed 29184K, reserved 1075200K
  class space    used 3477K, capacity 3758K, committed 3840K, reserved 1048576K
Event: 3.126 GC heap after
Heap after GC invocations=5 (full 1):
 def new generation   total 38144K, used 4224K [0x0000000084800000, 0x0000000087160000, 0x00000000adaa0000)
  eden space 33920K,   0% used [0x0000000084800000, 0x0000000084800000, 0x0000000086920000)
  from space 4224K, 100% used [0x0000000086d40000, 0x0000000087160000, 0x0000000087160000)
  to   space 4224K,   0% used [0x0000000086920000, 0x0000000086920000, 0x0000000086d40000)
 tenured generation   total 84672K, used 15662K [0x00000000adaa0000, 0x00000000b2d50000, 0x0000000100000000)
   the space 84672K,  18% used [0x00000000adaa0000, 0x00000000ae9ebbb0, 0x00000000ae9ebc00, 0x00000000b2d50000)
 Metaspace       used 27348K, capacity 28986K, committed 29184K, reserved 1075200K
  class space    used 3477K, capacity 3758K, committed 3840K, reserved 1048576K
}
Event: 3.670 GC heap before
{Heap before GC invocations=5 (full 1):
 def new generation   total 38144K, used 38144K [0x0000000084800000, 0x0000000087160000, 0x00000000adaa0000)
  eden space 33920K, 100% used [0x0000000084800000, 0x0000000086920000, 0x0000000086920000)
  from space 4224K, 100% used [0x0000000086d40000, 0x0000000087160000, 0x0000000087160000)
  to   space 4224K,   0% used [0x0000000086920000, 0x0000000086920000, 0x0000000086d40000)
 tenured generation   total 84672K, used 15662K [0x00000000adaa0000, 0x00000000b2d50000, 0x0000000100000000)
   the space 84672K,  18% used [0x00000000adaa0000, 0x00000000ae9ebbb0, 0x00000000ae9ebc00, 0x00000000b2d50000)
 Metaspace       used 31517K, capacity 33292K, committed 33536K, reserved 1079296K
  class space    used 3982K, capacity 4289K, committed 4352K, reserved 1048576K
Event: 3.679 GC heap after
Heap after GC invocations=6 (full 1):
 def new generation   total 38144K, used 4223K [0x0000000084800000, 0x0000000087160000, 0x00000000adaa0000)
  eden space 33920K,   0% used [0x0000000084800000, 0x0000000084800000, 0x0000000086920000)
  from space 4224K,  99% used [0x0000000086920000, 0x0000000086d3fff0, 0x0000000086d40000)
  to   space 4224K,   0% used [0x0000000086d40000, 0x0000000086d40000, 0x0000000087160000)
 tenured generation   total 84672K, used 19300K [0x00000000adaa0000, 0x00000000b2d50000, 0x0000000100000000)
   the space 84672K,  22% used [0x00000000adaa0000, 0x00000000aed79348, 0x00000000aed79400, 0x00000000b2d50000)
 Metaspace       used 31517K, capacity 33292K, committed 33536K, reserved 1079296K
  class space    used 3982K, capacity 4289K, committed 4352K, reserved 1048576K
}
Event: 4.119 GC heap before
{Heap before GC invocations=6 (full 1):
 def new generation   total 38144K, used 25035K [0x0000000084800000, 0x0000000087160000, 0x00000000adaa0000)
  eden space 33920K,  61% used [0x0000000084800000, 0x0000000085c52d08, 0x0000000086920000)
  from space 4224K,  99% used [0x0000000086920000, 0x0000000086d3fff0, 0x0000000086d40000)
  to   space 4224K,   0% used [0x0000000086d40000, 0x0000000086d40000, 0x0000000087160000)
 tenured generation   total 84672K, used 19300K [0x00000000adaa0000, 0x00000000b2d50000, 0x0000000100000000)
   the space 84672K,  22% used [0x00000000adaa0000, 0x00000000aed79348, 0x00000000aed79400, 0x00000000b2d50000)
 Metaspace       used 33395K, capacity 35404K, committed 35416K, reserved 1081344K
  class space    used 4226K, capacity 4599K, committed 4608K, reserved 1048576K
Event: 4.155 GC heap after
Heap after GC invocations=7 (full 2):
 def new generation   total 38144K, used 0K [0x0000000084800000, 0x0000000087160000, 0x00000000adaa0000)
  eden space 33920K,   0% used [0x0000000084800000, 0x0000000084800000, 0x0000000086920000)
  from space 4224K,   0% used [0x0000000086920000, 0x0000000086920000, 0x0000000086d40000)
  to   space 4224K,   0% used [0x0000000086d40000, 0x0000000086d40000, 0x0000000087160000)
 tenured generation   total 84672K, used 17872K [0x00000000adaa0000, 0x00000000b2d50000, 0x0000000100000000)
   the space 84672K,  21% used [0x00000000adaa0000, 0x00000000aec14048, 0x00000000aec14200, 0x00000000b2d50000)
 Metaspace       used 33395K, capacity 35404K, committed 35416K, reserved 1081344K
  class space    used 4226K, capacity 4599K, committed 4608K, reserved 1048576K
}

