# JRE version: OpenJDK Runtime Environment (8.0_402) (build 1.8.0_402-internal-racerz_2024_01_30_12_46-b00)
# Java VM: OpenJDK 64-Bit Server VM (25.402-b00 mixed mode linux-amd64 compressed oops)
Heap:
 def new generation   total 38144K, used 31711K [0x0000000084800000, 0x0000000087160000, 0x00000000adaa0000)
  eden space 33920K,  81% used [0x0000000084800000, 0x00000000862d7d88, 0x0000000086920000)
  from space 4224K, 100% used [0x0000000086d40000, 0x0000000087160000, 0x0000000087160000)
  to   space 4224K,   0% used [0x0000000086920000, 0x0000000086920000, 0x0000000086d40000)
 tenured generation   total 84672K, used 36047K [0x00000000adaa0000, 0x00000000b2d50000, 0x0000000100000000)
   the space 84672K,  42% used [0x00000000adaa0000, 0x00000000afdd3f28, 0x00000000afdd4000, 0x00000000b2d50000)
 Metaspace       used 53426K, capacity 56410K, committed 56704K, reserved 1099776K
  class space    used 6251K, capacity 6755K, committed 6784K, reserved 1048576K
GC Heap History (10 events):
Event: 40.270 GC heap before
{Heap before GC invocations=13 (full 2):
 def new generation   total 38144K, used 35504K [0x0000000084800000, 0x0000000087160000, 0x00000000adaa0000)
  eden space 33920K,  99% used [0x0000000084800000, 0x000000008691ffa8, 0x0000000086920000)
  from space 4224K,  37% used [0x0000000086920000, 0x0000000086aac110, 0x0000000086d40000)
  to   space 4224K,   0% used [0x0000000086d40000, 0x0000000086d40000, 0x0000000087160000)
 tenured generation   total 84672K, used 24515K [0x00000000adaa0000, 0x00000000b2d50000, 0x0000000100000000)
   the space 84672K,  28% used [0x00000000adaa0000, 0x00000000af290c48, 0x00000000af290e00, 0x00000000b2d50000)
 Metaspace       used 45684K, capacity 48590K, committed 48896K, reserved 1091584K
  class space    used 5554K, capacity 6040K, committed 6144K, reserved 1048576K
Event: 40.277 GC heap after
Heap after GC invocations=14 (full 2):
 def new generation   total 38144K, used 1277K [0x0000000084800000, 0x0000000087160000, 0x00000000adaa0000)
  eden space 33920K,   0% used [0x0000000084800000, 0x0000000084800000, 0x0000000086920000)
  from space 4224K,  30% used [0x0000000086d40000, 0x0000000086e7f7c8, 0x0000000087160000)
  to   space 4224K,   0% used [0x0000000086920000, 0x0000000086920000, 0x0000000086d40000)
 tenured generation   total 84672K, used 24515K [0x00000000adaa0000, 0x00000000b2d50000, 0x0000000100000000)
   the space 84672K,  28% used [0x00000000adaa0000, 0x00000000af290c48, 0x00000000af290e00, 0x00000000b2d50000)
 Metaspace       used 45684K, capacity 48590K, committed 48896K, reserved 1091584K
  class space    used 5554K, capacity 6040K, committed 6144K, reserved 1048576K
}
Event: 41.628 GC heap before
{Heap before GC invocations=14 (full 2):
 def new generation   total 38144K, used 35197K [0x0000000084800000, 0x0000000087160000, 0x00000000adaa0000)
  eden space 33920K, 100% used [0x0000000084800000, 0x0000000086920000, 0x0000000086920000)
  from space 4224K,  30% used [0x0000000086d40000, 0x0000000086e7f7c8, 0x0000000087160000)
  to   space 4224K,   0% used [0x0000000086920000, 0x0000000086920000, 0x0000000086d40000)
 tenured generation   total 84672K, used 24515K [0x00000000adaa0000, 0x00000000b2d50000, 0x0000000100000000)
   the space 84672K,  28% used [0x00000000adaa0000, 0x00000000af290c48, 0x00000000af290e00, 0x00000000b2d50000)
 Metaspace       used 49895K, capacity 52768K, committed 52864K, reserved 1095680K
  class space    used 6042K, capacity 6516K, committed 6528K, reserved 1048576K
Event: 41.634 GC heap after
Heap after GC invocations=15 (full 2):
 def new generation   total 38144K, used 4223K [0x0000000084800000, 0x0000000087160000, 0x00000000adaa0000)
  eden space 33920K,   0% used [0x0000000084800000, 0x0000000084800000, 0x0000000086920000)
  from space 4224K,  99% used [0x0000000086920000, 0x0000000086d3fff8, 0x0000000086d40000)
  to   space 4224K,   0% used [0x0000000086d40000, 0x0000000086d40000, 0x0000000087160000)
 tenured generation   total 84672K, used 25235K [0x00000000adaa0000, 0x00000000b2d50000, 0x0000000100000000)
   the space 84672K,  29% used [0x00000000adaa0000, 0x00000000af344ea8, 0x00000000af345000, 0x00000000b2d50000)
 Metaspace       used 49895K, capacity 52768K, committed 52864K, reserved 1095680K
  class space    used 6042K, capacity 6516K, committed 6528K, reserved 1048576K
}
Event: 42.678 GC heap before
{Heap before GC invocations=15 (full 2):
 def new generation   total 38144K, used 38143K [0x0000000084800000, 0x0000000087160000, 0x00000000adaa0000)
  eden space 33920K, 100% used [0x0000000084800000, 0x0000000086920000, 0x0000000086920000)
  from space 4224K,  99% used [0x0000000086920000, 0x0000000086d3fff8, 0x0000000086d40000)
  to   space 4224K,   0% used [0x0000000086d40000, 0x0000000086d40000, 0x0000000087160000)
 tenured generation   total 84672K, used 25235K [0x00000000adaa0000, 0x00000000b2d50000, 0x0000000100000000)
   the space 84672K,  29% used [0x00000000adaa0000, 0x00000000af344ea8, 0x00000000af345000, 0x00000000b2d50000)
 Metaspace       used 52605K, capacity 55606K, committed 55936K, reserved 1097728K
  class space    used 6171K, capacity 6685K, committed 6784K, reserved 1048576K
Event: 42.689 GC heap after
Heap after GC invocations=16 (full 2):
 def new generation   total 38144K, used 4224K [0x0000000084800000, 0x0000000087160000, 0x00000000adaa0000)
  eden space 33920K,   0% used [0x0000000084800000, 0x0000000084800000, 0x0000000086920000)
  from space 4224K, 100% used [0x0000000086d40000, 0x0000000087160000, 0x0000000087160000)
  to   space 4224K,   0% used [0x0000000086920000, 0x0000000086920000, 0x0000000086d40000)
 tenured generation   total 84672K, used 29763K [0x00000000adaa0000, 0x00000000b2d50000, 0x0000000100000000)
   the space 84672K,  35% used [0x00000000adaa0000, 0x00000000af7b0e40, 0x00000000af7b1000, 0x00000000b2d50000)
 Metaspace       used 52605K, capacity 55606K, committed 55936K, reserved 1097728K
  class space    used 6171K, capacity 6685K, committed 6784K, reserved 1048576K
}
Event: 43.600 GC heap before
{Heap before GC invocations=16 (full 2):
 def new generation   total 38144K, used 38144K [0x0000000084800000, 0x0000000087160000, 0x00000000adaa0000)
  eden space 33920K, 100% used [0x0000000084800000, 0x0000000086920000, 0x0000000086920000)
  from space 4224K, 100% used [0x0000000086d40000, 0x0000000087160000, 0x0000000087160000)
  to   space 4224K,   0% used [0x0000000086920000, 0x0000000086920000, 0x0000000086d40000)
 tenured generation   total 84672K, used 29763K [0x00000000adaa0000, 0x00000000b2d50000, 0x0000000100000000)
   the space 84672K,  35% used [0x00000000adaa0000, 0x00000000af7b0e40, 0x00000000af7b1000, 0x00000000b2d50000)
 Metaspace       used 52976K, capacity 55970K, committed 56192K, reserved 1099776K
  class space    used 6195K, capacity 6719K, committed 6784K, reserved 1048576K
Event: 43.611 GC heap after
Heap after GC invocations=17 (full 2):
 def new generation   total 38144K, used 4224K [0x0000000084800000, 0x0000000087160000, 0x00000000adaa0000)
  eden space 33920K,   0% used [0x0000000084800000, 0x0000000084800000, 0x0000000086920000)
  from space 4224K, 100% used [0x0000000086920000, 0x0000000086d40000, 0x0000000086d40000)
  to   space 4224K,   0% used [0x0000000086d40000, 0x0000000086d40000, 0x0000000087160000)
 tenured generation   total 84672K, used 32144K [0x00000000adaa0000, 0x00000000b2d50000, 0x0000000100000000)
   the space 84672K,  37% used [0x00000000adaa0000, 0x00000000afa042e8, 0x00000000afa04400, 0x00000000b2d50000)
 Metaspace       used 52976K, capacity 55970K, committed 56192K, reserved 1099776K
  class space    used 6195K, capacity 6719K, committed 6784K, reserved 1048576K
}
Event: 44.205 GC heap before
{Heap before GC invocations=17 (full 2):
 def new generation   total 38144K, used 38144K [0x0000000084800000, 0x0000000087160000, 0x00000000adaa0000)
  eden space 33920K, 100% used [0x0000000084800000, 0x0000000086920000, 0x0000000086920000)
  from space 4224K, 100% used [0x0000000086920000, 0x0000000086d40000, 0x0000000086d40000)
  to   space 4224K,   0% used [0x0000000086d40000, 0x0000000086d40000, 0x0000000087160000)
 tenured generation   total 84672K, used 32144K [0x00000000adaa0000, 0x00000000b2d50000, 0x0000000100000000)
   the space 84672K,  37% used [0x00000000adaa0000, 0x00000000afa042e8, 0x00000000afa04400, 0x00000000b2d50000)
 Metaspace       used 53092K, capacity 56052K, committed 56448K, reserved 1099776K
  class space    used 6197K, capacity 6722K, committed 6784K, reserved 1048576K
Event: 44.216 GC heap after
Heap after GC invocations=18 (full 2):
 def new generation   total 38144K, used 4224K [0x0000000084800000, 0x0000000087160000, 0x00000000adaa0000)
  eden space 33920K,   0% used [0x0000000084800000, 0x0000000084800000, 0x0000000086920000)
  from space 4224K, 100% used [0x0000000086d40000, 0x0000000087160000, 0x0000000087160000)
  to   space 4224K,   0% used [0x0000000086920000, 0x0000000086920000, 0x0000000086d40000)
 tenured generation   total 84672K, used 36047K [0x00000000adaa0000, 0x00000000b2d50000, 0x0000000100000000)
   the space 84672K,  42% used [0x00000000adaa0000, 0x00000000afdd3f28, 0x00000000afdd4000, 0x00000000b2d50000)
 Metaspace       used 53092K, capacity 56052K, committed 56448K, reserved 1099776K
  class space    used 6197K, capacity 6722K, committed 6784K, reserved 1048576K
}

