# JRE version: OpenJDK Runtime Environment (8.0_402) (build 1.8.0_402-internal-racerz_2024_01_30_12_46-b00)
# Java VM: OpenJDK 64-Bit Server VM (25.402-b00 mixed mode linux-amd64 compressed oops)
Heap:
 def new generation   total 38144K, used 12217K [0x0000000084800000, 0x0000000087160000, 0x00000000adaa0000)
  eden space 33920K,  23% used [0x0000000084800000, 0x0000000084fce430, 0x0000000086920000)
  from space 4224K, 100% used [0x0000000086920000, 0x0000000086d40000, 0x0000000086d40000)
  to   space 4224K,   0% used [0x0000000086d40000, 0x0000000086d40000, 0x0000000087160000)
 tenured generation   total 84672K, used 21467K [0x00000000adaa0000, 0x00000000b2d50000, 0x0000000100000000)
   the space 84672K,  25% used [0x00000000adaa0000, 0x00000000aef96c30, 0x00000000aef96e00, 0x00000000b2d50000)
 Metaspace       used 42632K, capacity 45298K, committed 45568K, reserved 1089536K
  class space    used 5174K, capacity 5622K, committed 5632K, reserved 1048576K
GC Heap History (10 events):
Event: 3.661 GC heap before
{Heap before GC invocations=6 (full 1):
 def new generation   total 38144K, used 25011K [0x0000000084800000, 0x0000000087160000, 0x00000000adaa0000)
  eden space 33920K,  61% used [0x0000000084800000, 0x0000000085c4ce18, 0x0000000086920000)
  from space 4224K, 100% used [0x0000000086920000, 0x0000000086d40000, 0x0000000086d40000)
  to   space 4224K,   0% used [0x0000000086d40000, 0x0000000086d40000, 0x0000000087160000)
 tenured generation   total 84672K, used 19306K [0x00000000adaa0000, 0x00000000b2d50000, 0x0000000100000000)
   the space 84672K,  22% used [0x00000000adaa0000, 0x00000000aed7a908, 0x00000000aed7aa00, 0x00000000b2d50000)
 Metaspace       used 33400K, capacity 35404K, committed 35416K, reserved 1081344K
  class space    used 4226K, capacity 4599K, committed 4608K, reserved 1048576K
Event: 3.705 GC heap after
Heap after GC invocations=7 (full 2):
 def new generation   total 38144K, used 0K [0x0000000084800000, 0x0000000087160000, 0x00000000adaa0000)
  eden space 33920K,   0% used [0x0000000084800000, 0x0000000084800000, 0x0000000086920000)
  from space 4224K,   0% used [0x0000000086920000, 0x0000000086920000, 0x0000000086d40000)
  to   space 4224K,   0% used [0x0000000086d40000, 0x0000000086d40000, 0x0000000087160000)
 tenured generation   total 84672K, used 17871K [0x00000000adaa0000, 0x00000000b2d50000, 0x0000000100000000)
   the space 84672K,  21% used [0x00000000adaa0000, 0x00000000aec13f90, 0x00000000aec14000, 0x00000000b2d50000)
 Metaspace       used 33400K, capacity 35404K, committed 35416K, reserved 1081344K
  class space    used 4226K, capacity 4599K, committed 4608K, reserved 1048576K
}
Event: 21.464 GC heap before
{Heap before GC invocations=7 (full 2):
 def new generation   total 38144K, used 33920K [0x0000000084800000, 0x0000000087160000, 0x00000000adaa0000)
  eden space 33920K, 100% used [0x0000000084800000, 0x0000000086920000, 0x0000000086920000)
  from space 4224K,   0% used [0x0000000086920000, 0x0000000086920000, 0x0000000086d40000)
  to   space 4224K,   0% used [0x0000000086d40000, 0x0000000086d40000, 0x0000000087160000)
 tenured generation   total 84672K, used 17871K [0x00000000adaa0000, 0x00000000b2d50000, 0x0000000100000000)
   the space 84672K,  21% used [0x00000000adaa0000, 0x00000000aec13f90, 0x00000000aec14000, 0x00000000b2d50000)
 Metaspace       used 37884K, capacity 40206K, committed 40576K, reserved 1085440K
  class space    used 4729K, capacity 5130K, committed 5248K, reserved 1048576K
Event: 21.476 GC heap after
Heap after GC invocations=8 (full 2):
 def new generation   total 38144K, used 4224K [0x0000000084800000, 0x0000000087160000, 0x00000000adaa0000)
  eden space 33920K,   0% used [0x0000000084800000, 0x0000000084800000, 0x0000000086920000)
  from space 4224K, 100% used [0x0000000086d40000, 0x0000000087160000, 0x0000000087160000)
  to   space 4224K,   0% used [0x0000000086920000, 0x0000000086920000, 0x0000000086d40000)
 tenured generation   total 84672K, used 18676K [0x00000000adaa0000, 0x00000000b2d50000, 0x0000000100000000)
   the space 84672K,  22% used [0x00000000adaa0000, 0x00000000aecdd268, 0x00000000aecdd400, 0x00000000b2d50000)
 Metaspace       used 37884K, capacity 40206K, committed 40576K, reserved 1085440K
  class space    used 4729K, capacity 5130K, committed 5248K, reserved 1048576K
}
Event: 24.041 GC heap before
{Heap before GC invocations=8 (full 2):
 def new generation   total 38144K, used 38144K [0x0000000084800000, 0x0000000087160000, 0x00000000adaa0000)
  eden space 33920K, 100% used [0x0000000084800000, 0x0000000086920000, 0x0000000086920000)
  from space 4224K, 100% used [0x0000000086d40000, 0x0000000087160000, 0x0000000087160000)
  to   space 4224K,   0% used [0x0000000086920000, 0x0000000086920000, 0x0000000086d40000)
 tenured generation   total 84672K, used 18676K [0x00000000adaa0000, 0x00000000b2d50000, 0x0000000100000000)
   the space 84672K,  22% used [0x00000000adaa0000, 0x00000000aecdd268, 0x00000000aecdd400, 0x00000000b2d50000)
 Metaspace       used 39048K, capacity 41526K, committed 41856K, reserved 1085440K
  class space    used 4758K, capacity 5168K, committed 5248K, reserved 1048576K
Event: 24.047 GC heap after
Heap after GC invocations=9 (full 2):
 def new generation   total 38144K, used 555K [0x0000000084800000, 0x0000000087160000, 0x00000000adaa0000)
  eden space 33920K,   0% used [0x0000000084800000, 0x0000000084800000, 0x0000000086920000)
  from space 4224K,  13% used [0x0000000086920000, 0x00000000869aad88, 0x0000000086d40000)
  to   space 4224K,   0% used [0x0000000086d40000, 0x0000000086d40000, 0x0000000087160000)
 tenured generation   total 84672K, used 21204K [0x00000000adaa0000, 0x00000000b2d50000, 0x0000000100000000)
   the space 84672K,  25% used [0x00000000adaa0000, 0x00000000aef55298, 0x00000000aef55400, 0x00000000b2d50000)
 Metaspace       used 39048K, capacity 41526K, committed 41856K, reserved 1085440K
  class space    used 4758K, capacity 5168K, committed 5248K, reserved 1048576K
}
Event: 25.771 GC heap before
{Heap before GC invocations=9 (full 2):
 def new generation   total 38144K, used 34475K [0x0000000084800000, 0x0000000087160000, 0x00000000adaa0000)
  eden space 33920K, 100% used [0x0000000084800000, 0x0000000086920000, 0x0000000086920000)
  from space 4224K,  13% used [0x0000000086920000, 0x00000000869aad88, 0x0000000086d40000)
  to   space 4224K,   0% used [0x0000000086d40000, 0x0000000086d40000, 0x0000000087160000)
 tenured generation   total 84672K, used 21204K [0x00000000adaa0000, 0x00000000b2d50000, 0x0000000100000000)
   the space 84672K,  25% used [0x00000000adaa0000, 0x00000000aef55298, 0x00000000aef55400, 0x00000000b2d50000)
 Metaspace       used 39535K, capacity 42044K, committed 42112K, reserved 1085440K
  class space    used 4787K, capacity 5201K, committed 5248K, reserved 1048576K
Event: 25.774 GC heap after
Heap after GC invocations=10 (full 2):
 def new generation   total 38144K, used 1826K [0x0000000084800000, 0x0000000087160000, 0x00000000adaa0000)
  eden space 33920K,   0% used [0x0000000084800000, 0x0000000084800000, 0x0000000086920000)
  from space 4224K,  43% used [0x0000000086d40000, 0x0000000086f089a0, 0x0000000087160000)
  to   space 4224K,   0% used [0x0000000086920000, 0x0000000086920000, 0x0000000086d40000)
 tenured generation   total 84672K, used 21204K [0x00000000adaa0000, 0x00000000b2d50000, 0x0000000100000000)
   the space 84672K,  25% used [0x00000000adaa0000, 0x00000000aef55298, 0x00000000aef55400, 0x00000000b2d50000)
 Metaspace       used 39535K, capacity 42044K, committed 42112K, reserved 1085440K
  class space    used 4787K, capacity 5201K, committed 5248K, reserved 1048576K
}
Event: 27.249 GC heap before
{Heap before GC invocations=10 (full 2):
 def new generation   total 38144K, used 35746K [0x0000000084800000, 0x0000000087160000, 0x00000000adaa0000)
  eden space 33920K, 100% used [0x0000000084800000, 0x0000000086920000, 0x0000000086920000)
  from space 4224K,  43% used [0x0000000086d40000, 0x0000000086f089a0, 0x0000000087160000)
  to   space 4224K,   0% used [0x0000000086920000, 0x0000000086920000, 0x0000000086d40000)
 tenured generation   total 84672K, used 21204K [0x00000000adaa0000, 0x00000000b2d50000, 0x0000000100000000)
   the space 84672K,  25% used [0x00000000adaa0000, 0x00000000aef55298, 0x00000000aef55400, 0x00000000b2d50000)
 Metaspace       used 42492K, capacity 45102K, committed 45312K, reserved 1089536K
  class space    used 5155K, capacity 5608K, committed 5632K, reserved 1048576K
Event: 27.254 GC heap after
Heap after GC invocations=11 (full 2):
 def new generation   total 38144K, used 4224K [0x0000000084800000, 0x0000000087160000, 0x00000000adaa0000)
  eden space 33920K,   0% used [0x0000000084800000, 0x0000000084800000, 0x0000000086920000)
  from space 4224K, 100% used [0x0000000086920000, 0x0000000086d40000, 0x0000000086d40000)
  to   space 4224K,   0% used [0x0000000086d40000, 0x0000000086d40000, 0x0000000087160000)
 tenured generation   total 84672K, used 21467K [0x00000000adaa0000, 0x00000000b2d50000, 0x0000000100000000)
   the space 84672K,  25% used [0x00000000adaa0000, 0x00000000aef96c30, 0x00000000aef96e00, 0x00000000b2d50000)
 Metaspace       used 42492K, capacity 45102K, committed 45312K, reserved 1089536K
  class space    used 5155K, capacity 5608K, committed 5632K, reserved 1048576K
}

