# JRE version: OpenJDK Runtime Environment (8.0_402) (build 1.8.0_402-internal-racerz_2024_01_30_12_46-b00)
# Java VM: OpenJDK 64-Bit Server VM (25.402-b00 mixed mode linux-amd64 compressed oops)
Heap:
 def new generation   total 38144K, used 24591K [0x0000000084800000, 0x0000000087160000, 0x00000000adaa0000)
  eden space 33920K,  70% used [0x0000000084800000, 0x0000000085f38198, 0x0000000086920000)
  from space 4224K,  19% used [0x0000000086d40000, 0x0000000086e0be10, 0x0000000087160000)
  to   space 4224K,   0% used [0x0000000086920000, 0x0000000086920000, 0x0000000086d40000)
 tenured generation   total 84672K, used 26917K [0x00000000adaa0000, 0x00000000b2d50000, 0x0000000100000000)
   the space 84672K,  31% used [0x00000000adaa0000, 0x00000000af4e9658, 0x00000000af4e9800, 0x00000000b2d50000)
 Metaspace       used 47633K, capacity 50572K, committed 50944K, reserved 1093632K
  class space    used 5765K, capacity 6282K, committed 6400K, reserved 1048576K
GC Heap History (10 events):
Event: 23.343 GC heap before
{Heap before GC invocations=9 (full 2):
 def new generation   total 38144K, used 35168K [0x0000000084800000, 0x0000000087160000, 0x00000000adaa0000)
  eden space 33920K, 100% used [0x0000000084800000, 0x0000000086920000, 0x0000000086920000)
  from space 4224K,  29% used [0x0000000086920000, 0x0000000086a583a8, 0x0000000086d40000)
  to   space 4224K,   0% used [0x0000000086d40000, 0x0000000086d40000, 0x0000000087160000)
 tenured generation   total 84672K, used 24378K [0x00000000adaa0000, 0x00000000b2d50000, 0x0000000100000000)
   the space 84672K,  28% used [0x00000000adaa0000, 0x00000000af26e9c0, 0x00000000af26ea00, 0x00000000b2d50000)
 Metaspace       used 39490K, capacity 42022K, committed 42112K, reserved 1085440K
  class space    used 4814K, capacity 5236K, committed 5248K, reserved 1048576K
Event: 23.347 GC heap after
Heap after GC invocations=10 (full 2):
 def new generation   total 38144K, used 2355K [0x0000000084800000, 0x0000000087160000, 0x00000000adaa0000)
  eden space 33920K,   0% used [0x0000000084800000, 0x0000000084800000, 0x0000000086920000)
  from space 4224K,  55% used [0x0000000086d40000, 0x0000000086f8cd58, 0x0000000087160000)
  to   space 4224K,   0% used [0x0000000086920000, 0x0000000086920000, 0x0000000086d40000)
 tenured generation   total 84672K, used 24378K [0x00000000adaa0000, 0x00000000b2d50000, 0x0000000100000000)
   the space 84672K,  28% used [0x00000000adaa0000, 0x00000000af26e9c0, 0x00000000af26ea00, 0x00000000b2d50000)
 Metaspace       used 39490K, capacity 42022K, committed 42112K, reserved 1085440K
  class space    used 4814K, capacity 5236K, committed 5248K, reserved 1048576K
}
Event: 25.125 GC heap before
{Heap before GC invocations=10 (full 2):
 def new generation   total 38144K, used 36275K [0x0000000084800000, 0x0000000087160000, 0x00000000adaa0000)
  eden space 33920K, 100% used [0x0000000084800000, 0x0000000086920000, 0x0000000086920000)
  from space 4224K,  55% used [0x0000000086d40000, 0x0000000086f8cd58, 0x0000000087160000)
  to   space 4224K,   0% used [0x0000000086920000, 0x0000000086920000, 0x0000000086d40000)
 tenured generation   total 84672K, used 24378K [0x00000000adaa0000, 0x00000000b2d50000, 0x0000000100000000)
   the space 84672K,  28% used [0x00000000adaa0000, 0x00000000af26e9c0, 0x00000000af26ea00, 0x00000000b2d50000)
 Metaspace       used 41301K, capacity 43956K, committed 44160K, reserved 1087488K
  class space    used 4990K, capacity 5427K, committed 5504K, reserved 1048576K
Event: 25.132 GC heap after
Heap after GC invocations=11 (full 2):
 def new generation   total 38144K, used 2316K [0x0000000084800000, 0x0000000087160000, 0x00000000adaa0000)
  eden space 33920K,   0% used [0x0000000084800000, 0x0000000084800000, 0x0000000086920000)
  from space 4224K,  54% used [0x0000000086920000, 0x0000000086b63158, 0x0000000086d40000)
  to   space 4224K,   0% used [0x0000000086d40000, 0x0000000086d40000, 0x0000000087160000)
 tenured generation   total 84672K, used 25166K [0x00000000adaa0000, 0x00000000b2d50000, 0x0000000100000000)
   the space 84672K,  29% used [0x00000000adaa0000, 0x00000000af333860, 0x00000000af333a00, 0x00000000b2d50000)
 Metaspace       used 41301K, capacity 43956K, committed 44160K, reserved 1087488K
  class space    used 4990K, capacity 5427K, committed 5504K, reserved 1048576K
}
Event: 26.250 GC heap before
{Heap before GC invocations=11 (full 2):
 def new generation   total 38144K, used 36236K [0x0000000084800000, 0x0000000087160000, 0x00000000adaa0000)
  eden space 33920K, 100% used [0x0000000084800000, 0x0000000086920000, 0x0000000086920000)
  from space 4224K,  54% used [0x0000000086920000, 0x0000000086b63158, 0x0000000086d40000)
  to   space 4224K,   0% used [0x0000000086d40000, 0x0000000086d40000, 0x0000000087160000)
 tenured generation   total 84672K, used 25166K [0x00000000adaa0000, 0x00000000b2d50000, 0x0000000100000000)
   the space 84672K,  29% used [0x00000000adaa0000, 0x00000000af333860, 0x00000000af333a00, 0x00000000b2d50000)
 Metaspace       used 44143K, capacity 47028K, committed 47104K, reserved 1091584K
  class space    used 5387K, capacity 5871K, committed 5888K, reserved 1048576K
Event: 26.259 GC heap after
Heap after GC invocations=12 (full 2):
 def new generation   total 38144K, used 3408K [0x0000000084800000, 0x0000000087160000, 0x00000000adaa0000)
  eden space 33920K,   0% used [0x0000000084800000, 0x0000000084800000, 0x0000000086920000)
  from space 4224K,  80% used [0x0000000086d40000, 0x0000000087094038, 0x0000000087160000)
  to   space 4224K,   0% used [0x0000000086920000, 0x0000000086920000, 0x0000000086d40000)
 tenured generation   total 84672K, used 25780K [0x00000000adaa0000, 0x00000000b2d50000, 0x0000000100000000)
   the space 84672K,  30% used [0x00000000adaa0000, 0x00000000af3cd260, 0x00000000af3cd400, 0x00000000b2d50000)
 Metaspace       used 44143K, capacity 47028K, committed 47104K, reserved 1091584K
  class space    used 5387K, capacity 5871K, committed 5888K, reserved 1048576K
}
Event: 26.721 GC heap before
{Heap before GC invocations=12 (full 2):
 def new generation   total 38144K, used 37328K [0x0000000084800000, 0x0000000087160000, 0x00000000adaa0000)
  eden space 33920K, 100% used [0x0000000084800000, 0x0000000086920000, 0x0000000086920000)
  from space 4224K,  80% used [0x0000000086d40000, 0x0000000087094038, 0x0000000087160000)
  to   space 4224K,   0% used [0x0000000086920000, 0x0000000086920000, 0x0000000086d40000)
 tenured generation   total 84672K, used 25780K [0x00000000adaa0000, 0x00000000b2d50000, 0x0000000100000000)
   the space 84672K,  30% used [0x00000000adaa0000, 0x00000000af3cd260, 0x00000000af3cd400, 0x00000000b2d50000)
 Metaspace       used 45207K, capacity 48074K, committed 48256K, reserved 1091584K
  class space    used 5512K, capacity 5976K, committed 6016K, reserved 1048576K
Event: 26.728 GC heap after
Heap after GC invocations=13 (full 2):
 def new generation   total 38144K, used 1203K [0x0000000084800000, 0x0000000087160000, 0x00000000adaa0000)
  eden space 33920K,   0% used [0x0000000084800000, 0x0000000084800000, 0x0000000086920000)
  from space 4224K,  28% used [0x0000000086920000, 0x0000000086a4cdf8, 0x0000000086d40000)
  to   space 4224K,   0% used [0x0000000086d40000, 0x0000000086d40000, 0x0000000087160000)
 tenured generation   total 84672K, used 26917K [0x00000000adaa0000, 0x00000000b2d50000, 0x0000000100000000)
   the space 84672K,  31% used [0x00000000adaa0000, 0x00000000af4e9658, 0x00000000af4e9800, 0x00000000b2d50000)
 Metaspace       used 45207K, capacity 48074K, committed 48256K, reserved 1091584K
  class space    used 5512K, capacity 5976K, committed 6016K, reserved 1048576K
}
Event: 27.059 GC heap before
{Heap before GC invocations=13 (full 2):
 def new generation   total 38144K, used 35123K [0x0000000084800000, 0x0000000087160000, 0x00000000adaa0000)
  eden space 33920K, 100% used [0x0000000084800000, 0x0000000086920000, 0x0000000086920000)
  from space 4224K,  28% used [0x0000000086920000, 0x0000000086a4cdf8, 0x0000000086d40000)
  to   space 4224K,   0% used [0x0000000086d40000, 0x0000000086d40000, 0x0000000087160000)
 tenured generation   total 84672K, used 26917K [0x00000000adaa0000, 0x00000000b2d50000, 0x0000000100000000)
   the space 84672K,  31% used [0x00000000adaa0000, 0x00000000af4e9658, 0x00000000af4e9800, 0x00000000b2d50000)
 Metaspace       used 45529K, capacity 48398K, committed 48512K, reserved 1091584K
  class space    used 5544K, capacity 6014K, committed 6016K, reserved 1048576K
Event: 27.062 GC heap after
Heap after GC invocations=14 (full 2):
 def new generation   total 38144K, used 815K [0x0000000084800000, 0x0000000087160000, 0x00000000adaa0000)
  eden space 33920K,   0% used [0x0000000084800000, 0x0000000084800000, 0x0000000086920000)
  from space 4224K,  19% used [0x0000000086d40000, 0x0000000086e0be10, 0x0000000087160000)
  to   space 4224K,   0% used [0x0000000086920000, 0x0000000086920000, 0x0000000086d40000)
 tenured generation   total 84672K, used 26917K [0x00000000adaa0000, 0x00000000b2d50000, 0x0000000100000000)
   the space 84672K,  31% used [0x00000000adaa0000, 0x00000000af4e9658, 0x00000000af4e9800, 0x00000000b2d50000)
 Metaspace       used 45529K, capacity 48398K, committed 48512K, reserved 1091584K
  class space    used 5544K, capacity 6014K, committed 6016K, reserved 1048576K
}

