# JRE version: OpenJDK Runtime Environment (8.0_402) (build 1.8.0_402-internal-racerz_2024_01_30_12_46-b00)
# Java VM: OpenJDK 64-Bit Server VM (25.402-b00 mixed mode linux-amd64 compressed oops)
Heap:
 def new generation   total 38144K, used 30927K [0x0000000084800000, 0x0000000087160000, 0x00000000adaa0000)
  eden space 33920K,  89% used [0x0000000084800000, 0x0000000086580ff8, 0x0000000086920000)
  from space 4224K,  16% used [0x0000000086920000, 0x00000000869d2c78, 0x0000000086d40000)
  to   space 4224K,   0% used [0x0000000086d40000, 0x0000000086d40000, 0x0000000087160000)
 tenured generation   total 84672K, used 25634K [0x00000000adaa0000, 0x00000000b2d50000, 0x0000000100000000)
   the space 84672K,  30% used [0x00000000adaa0000, 0x00000000af3a8868, 0x00000000af3a8a00, 0x00000000b2d50000)
 Metaspace       used 46164K, capacity 49030K, committed 49152K, reserved 1091584K
  class space    used 5599K, capacity 6103K, committed 6144K, reserved 1048576K
GC Heap History (10 events):
Event: 337.670 GC heap before
{Heap before GC invocations=8 (full 2):
 def new generation   total 38144K, used 38144K [0x0000000084800000, 0x0000000087160000, 0x00000000adaa0000)
  eden space 33920K, 100% used [0x0000000084800000, 0x0000000086920000, 0x0000000086920000)
  from space 4224K, 100% used [0x0000000086d40000, 0x0000000087160000, 0x0000000087160000)
  to   space 4224K,   0% used [0x0000000086920000, 0x0000000086920000, 0x0000000086d40000)
 tenured generation   total 84672K, used 19572K [0x00000000adaa0000, 0x00000000b2d50000, 0x0000000100000000)
   the space 84672K,  23% used [0x00000000adaa0000, 0x00000000aedbd3c8, 0x00000000aedbd400, 0x00000000b2d50000)
 Metaspace       used 39123K, capacity 41550K, committed 41600K, reserved 1085440K
  class space    used 4784K, capacity 5198K, committed 5248K, reserved 1048576K
Event: 337.683 GC heap after
Heap after GC invocations=9 (full 2):
 def new generation   total 38144K, used 1204K [0x0000000084800000, 0x0000000087160000, 0x00000000adaa0000)
  eden space 33920K,   0% used [0x0000000084800000, 0x0000000084800000, 0x0000000086920000)
  from space 4224K,  28% used [0x0000000086920000, 0x0000000086a4d2b0, 0x0000000086d40000)
  to   space 4224K,   0% used [0x0000000086d40000, 0x0000000086d40000, 0x0000000087160000)
 tenured generation   total 84672K, used 22964K [0x00000000adaa0000, 0x00000000b2d50000, 0x0000000100000000)
   the space 84672K,  27% used [0x00000000adaa0000, 0x00000000af10d238, 0x00000000af10d400, 0x00000000b2d50000)
 Metaspace       used 39123K, capacity 41550K, committed 41600K, reserved 1085440K
  class space    used 4784K, capacity 5198K, committed 5248K, reserved 1048576K
}
Event: 339.894 GC heap before
{Heap before GC invocations=9 (full 2):
 def new generation   total 38144K, used 35124K [0x0000000084800000, 0x0000000087160000, 0x00000000adaa0000)
  eden space 33920K, 100% used [0x0000000084800000, 0x0000000086920000, 0x0000000086920000)
  from space 4224K,  28% used [0x0000000086920000, 0x0000000086a4d2b0, 0x0000000086d40000)
  to   space 4224K,   0% used [0x0000000086d40000, 0x0000000086d40000, 0x0000000087160000)
 tenured generation   total 84672K, used 22964K [0x00000000adaa0000, 0x00000000b2d50000, 0x0000000100000000)
   the space 84672K,  27% used [0x00000000adaa0000, 0x00000000af10d238, 0x00000000af10d400, 0x00000000b2d50000)
 Metaspace       used 39732K, capacity 42316K, committed 42496K, reserved 1087488K
  class space    used 4822K, capacity 5267K, committed 5376K, reserved 1048576K
Event: 339.901 GC heap after
Heap after GC invocations=10 (full 2):
 def new generation   total 38144K, used 1709K [0x0000000084800000, 0x0000000087160000, 0x00000000adaa0000)
  eden space 33920K,   0% used [0x0000000084800000, 0x0000000084800000, 0x0000000086920000)
  from space 4224K,  40% used [0x0000000086d40000, 0x0000000086eeb458, 0x0000000087160000)
  to   space 4224K,   0% used [0x0000000086920000, 0x0000000086920000, 0x0000000086d40000)
 tenured generation   total 84672K, used 22964K [0x00000000adaa0000, 0x00000000b2d50000, 0x0000000100000000)
   the space 84672K,  27% used [0x00000000adaa0000, 0x00000000af10d238, 0x00000000af10d400, 0x00000000b2d50000)
 Metaspace       used 39732K, capacity 42316K, committed 42496K, reserved 1087488K
  class space    used 4822K, capacity 5267K, committed 5376K, reserved 1048576K
}
Event: 341.483 GC heap before
{Heap before GC invocations=10 (full 2):
 def new generation   total 38144K, used 35629K [0x0000000084800000, 0x0000000087160000, 0x00000000adaa0000)
  eden space 33920K, 100% used [0x0000000084800000, 0x0000000086920000, 0x0000000086920000)
  from space 4224K,  40% used [0x0000000086d40000, 0x0000000086eeb458, 0x0000000087160000)
  to   space 4224K,   0% used [0x0000000086920000, 0x0000000086920000, 0x0000000086d40000)
 tenured generation   total 84672K, used 22964K [0x00000000adaa0000, 0x00000000b2d50000, 0x0000000100000000)
   the space 84672K,  27% used [0x00000000adaa0000, 0x00000000af10d238, 0x00000000af10d400, 0x00000000b2d50000)
 Metaspace       used 42500K, capacity 45104K, committed 45312K, reserved 1089536K
  class space    used 5156K, capacity 5581K, committed 5632K, reserved 1048576K
Event: 341.490 GC heap after
Heap after GC invocations=11 (full 2):
 def new generation   total 38144K, used 3926K [0x0000000084800000, 0x0000000087160000, 0x00000000adaa0000)
  eden space 33920K,   0% used [0x0000000084800000, 0x0000000084800000, 0x0000000086920000)
  from space 4224K,  92% used [0x0000000086920000, 0x0000000086cf5848, 0x0000000086d40000)
  to   space 4224K,   0% used [0x0000000086d40000, 0x0000000086d40000, 0x0000000087160000)
 tenured generation   total 84672K, used 22964K [0x00000000adaa0000, 0x00000000b2d50000, 0x0000000100000000)
   the space 84672K,  27% used [0x00000000adaa0000, 0x00000000af10d238, 0x00000000af10d400, 0x00000000b2d50000)
 Metaspace       used 42500K, capacity 45104K, committed 45312K, reserved 1089536K
  class space    used 5156K, capacity 5581K, committed 5632K, reserved 1048576K
}
Event: 342.757 GC heap before
{Heap before GC invocations=11 (full 2):
 def new generation   total 38144K, used 37846K [0x0000000084800000, 0x0000000087160000, 0x00000000adaa0000)
  eden space 33920K, 100% used [0x0000000084800000, 0x0000000086920000, 0x0000000086920000)
  from space 4224K,  92% used [0x0000000086920000, 0x0000000086cf5848, 0x0000000086d40000)
  to   space 4224K,   0% used [0x0000000086d40000, 0x0000000086d40000, 0x0000000087160000)
 tenured generation   total 84672K, used 22964K [0x00000000adaa0000, 0x00000000b2d50000, 0x0000000100000000)
   the space 84672K,  27% used [0x00000000adaa0000, 0x00000000af10d238, 0x00000000af10d400, 0x00000000b2d50000)
 Metaspace       used 44725K, capacity 47554K, committed 47744K, reserved 1091584K
  class space    used 5445K, capacity 5898K, committed 6016K, reserved 1048576K
Event: 342.764 GC heap after
Heap after GC invocations=12 (full 2):
 def new generation   total 38144K, used 2222K [0x0000000084800000, 0x0000000087160000, 0x00000000adaa0000)
  eden space 33920K,   0% used [0x0000000084800000, 0x0000000084800000, 0x0000000086920000)
  from space 4224K,  52% used [0x0000000086d40000, 0x0000000086f6b870, 0x0000000087160000)
  to   space 4224K,   0% used [0x0000000086920000, 0x0000000086920000, 0x0000000086d40000)
 tenured generation   total 84672K, used 24700K [0x00000000adaa0000, 0x00000000b2d50000, 0x0000000100000000)
   the space 84672K,  29% used [0x00000000adaa0000, 0x00000000af2bf090, 0x00000000af2bf200, 0x00000000b2d50000)
 Metaspace       used 44725K, capacity 47554K, committed 47744K, reserved 1091584K
  class space    used 5445K, capacity 5898K, committed 6016K, reserved 1048576K
}
Event: 343.178 GC heap before
{Heap before GC invocations=12 (full 2):
 def new generation   total 38144K, used 36142K [0x0000000084800000, 0x0000000087160000, 0x00000000adaa0000)
  eden space 33920K, 100% used [0x0000000084800000, 0x0000000086920000, 0x0000000086920000)
  from space 4224K,  52% used [0x0000000086d40000, 0x0000000086f6b870, 0x0000000087160000)
  to   space 4224K,   0% used [0x0000000086920000, 0x0000000086920000, 0x0000000086d40000)
 tenured generation   total 84672K, used 24700K [0x00000000adaa0000, 0x00000000b2d50000, 0x0000000100000000)
   the space 84672K,  29% used [0x00000000adaa0000, 0x00000000af2bf090, 0x00000000af2bf200, 0x00000000b2d50000)
 Metaspace       used 45406K, capacity 48268K, committed 48512K, reserved 1091584K
  class space    used 5522K, capacity 6001K, committed 6016K, reserved 1048576K
Event: 343.182 GC heap after
Heap after GC invocations=13 (full 2):
 def new generation   total 38144K, used 715K [0x0000000084800000, 0x0000000087160000, 0x00000000adaa0000)
  eden space 33920K,   0% used [0x0000000084800000, 0x0000000084800000, 0x0000000086920000)
  from space 4224K,  16% used [0x0000000086920000, 0x00000000869d2c78, 0x0000000086d40000)
  to   space 4224K,   0% used [0x0000000086d40000, 0x0000000086d40000, 0x0000000087160000)
 tenured generation   total 84672K, used 25634K [0x00000000adaa0000, 0x00000000b2d50000, 0x0000000100000000)
   the space 84672K,  30% used [0x00000000adaa0000, 0x00000000af3a8868, 0x00000000af3a8a00, 0x00000000b2d50000)
 Metaspace       used 45406K, capacity 48268K, committed 48512K, reserved 1091584K
  class space    used 5522K, capacity 6001K, committed 6016K, reserved 1048576K
}

