# JRE version: OpenJDK Runtime Environment (8.0_402) (build 1.8.0_402-internal-racerz_2024_01_30_12_46-b00)
# Java VM: OpenJDK 64-Bit Server VM (25.402-b00 mixed mode linux-amd64 compressed oops)
Heap:
 def new generation   total 38144K, used 12905K [0x0000000084800000, 0x0000000087160000, 0x00000000adaa0000)
  eden space 33920K,  35% used [0x0000000084800000, 0x00000000853d5380, 0x0000000086920000)
  from space 4224K,  18% used [0x0000000086d40000, 0x0000000086e051d8, 0x0000000087160000)
  to   space 4224K,   0% used [0x0000000086920000, 0x0000000086920000, 0x0000000086d40000)
 tenured generation   total 84672K, used 25703K [0x00000000adaa0000, 0x00000000b2d50000, 0x0000000100000000)
   the space 84672K,  30% used [0x00000000adaa0000, 0x00000000af3b9d40, 0x00000000af3b9e00, 0x00000000b2d50000)
 Metaspace       used 47735K, capacity 50598K, committed 50944K, reserved 1093632K
  class space    used 5758K, capacity 6273K, committed 6400K, reserved 1048576K
GC Heap History (10 events):
Event: 24.834 GC heap before
{Heap before GC invocations=9 (full 2):
 def new generation   total 38144K, used 34645K [0x0000000084800000, 0x0000000087160000, 0x00000000adaa0000)
  eden space 33920K, 100% used [0x0000000084800000, 0x0000000086920000, 0x0000000086920000)
  from space 4224K,  17% used [0x0000000086920000, 0x00000000869d57e8, 0x0000000086d40000)
  to   space 4224K,   0% used [0x0000000086d40000, 0x0000000086d40000, 0x0000000087160000)
 tenured generation   total 84672K, used 23106K [0x00000000adaa0000, 0x00000000b2d50000, 0x0000000100000000)
   the space 84672K,  27% used [0x00000000adaa0000, 0x00000000af130968, 0x00000000af130a00, 0x00000000b2d50000)
 Metaspace       used 40072K, capacity 42598K, committed 42752K, reserved 1087488K
  class space    used 4858K, capacity 5300K, committed 5376K, reserved 1048576K
Event: 24.838 GC heap after
Heap after GC invocations=10 (full 2):
 def new generation   total 38144K, used 1368K [0x0000000084800000, 0x0000000087160000, 0x00000000adaa0000)
  eden space 33920K,   0% used [0x0000000084800000, 0x0000000084800000, 0x0000000086920000)
  from space 4224K,  32% used [0x0000000086d40000, 0x0000000086e96218, 0x0000000087160000)
  to   space 4224K,   0% used [0x0000000086920000, 0x0000000086920000, 0x0000000086d40000)
 tenured generation   total 84672K, used 23106K [0x00000000adaa0000, 0x00000000b2d50000, 0x0000000100000000)
   the space 84672K,  27% used [0x00000000adaa0000, 0x00000000af130968, 0x00000000af130a00, 0x00000000b2d50000)
 Metaspace       used 40072K, capacity 42598K, committed 42752K, reserved 1087488K
  class space    used 4858K, capacity 5300K, committed 5376K, reserved 1048576K
}
Event: 26.277 GC heap before
{Heap before GC invocations=10 (full 2):
 def new generation   total 38144K, used 35288K [0x0000000084800000, 0x0000000087160000, 0x00000000adaa0000)
  eden space 33920K, 100% used [0x0000000084800000, 0x0000000086920000, 0x0000000086920000)
  from space 4224K,  32% used [0x0000000086d40000, 0x0000000086e96218, 0x0000000087160000)
  to   space 4224K,   0% used [0x0000000086920000, 0x0000000086920000, 0x0000000086d40000)
 tenured generation   total 84672K, used 23106K [0x00000000adaa0000, 0x00000000b2d50000, 0x0000000100000000)
   the space 84672K,  27% used [0x00000000adaa0000, 0x00000000af130968, 0x00000000af130a00, 0x00000000b2d50000)
 Metaspace       used 42302K, capacity 44968K, committed 45312K, reserved 1089536K
  class space    used 5129K, capacity 5581K, committed 5632K, reserved 1048576K
Event: 26.282 GC heap after
Heap after GC invocations=11 (full 2):
 def new generation   total 38144K, used 3343K [0x0000000084800000, 0x0000000087160000, 0x00000000adaa0000)
  eden space 33920K,   0% used [0x0000000084800000, 0x0000000084800000, 0x0000000086920000)
  from space 4224K,  79% used [0x0000000086920000, 0x0000000086c63d28, 0x0000000086d40000)
  to   space 4224K,   0% used [0x0000000086d40000, 0x0000000086d40000, 0x0000000087160000)
 tenured generation   total 84672K, used 23106K [0x00000000adaa0000, 0x00000000b2d50000, 0x0000000100000000)
   the space 84672K,  27% used [0x00000000adaa0000, 0x00000000af130968, 0x00000000af130a00, 0x00000000b2d50000)
 Metaspace       used 42302K, capacity 44968K, committed 45312K, reserved 1089536K
  class space    used 5129K, capacity 5581K, committed 5632K, reserved 1048576K
}
Event: 27.481 GC heap before
{Heap before GC invocations=11 (full 2):
 def new generation   total 38144K, used 37263K [0x0000000084800000, 0x0000000087160000, 0x00000000adaa0000)
  eden space 33920K, 100% used [0x0000000084800000, 0x0000000086920000, 0x0000000086920000)
  from space 4224K,  79% used [0x0000000086920000, 0x0000000086c63d28, 0x0000000086d40000)
  to   space 4224K,   0% used [0x0000000086d40000, 0x0000000086d40000, 0x0000000087160000)
 tenured generation   total 84672K, used 23106K [0x00000000adaa0000, 0x00000000b2d50000, 0x0000000100000000)
   the space 84672K,  27% used [0x00000000adaa0000, 0x00000000af130968, 0x00000000af130a00, 0x00000000b2d50000)
 Metaspace       used 44691K, capacity 47488K, committed 47744K, reserved 1091584K
  class space    used 5442K, capacity 5899K, committed 6016K, reserved 1048576K
Event: 27.491 GC heap after
Heap after GC invocations=12 (full 2):
 def new generation   total 38144K, used 2546K [0x0000000084800000, 0x0000000087160000, 0x00000000adaa0000)
  eden space 33920K,   0% used [0x0000000084800000, 0x0000000084800000, 0x0000000086920000)
  from space 4224K,  60% used [0x0000000086d40000, 0x0000000086fbc8a8, 0x0000000087160000)
  to   space 4224K,   0% used [0x0000000086920000, 0x0000000086920000, 0x0000000086d40000)
 tenured generation   total 84672K, used 24528K [0x00000000adaa0000, 0x00000000b2d50000, 0x0000000100000000)
   the space 84672K,  28% used [0x00000000adaa0000, 0x00000000af2943f8, 0x00000000af294400, 0x00000000b2d50000)
 Metaspace       used 44691K, capacity 47488K, committed 47744K, reserved 1091584K
  class space    used 5442K, capacity 5899K, committed 6016K, reserved 1048576K
}
Event: 27.951 GC heap before
{Heap before GC invocations=12 (full 2):
 def new generation   total 38144K, used 36466K [0x0000000084800000, 0x0000000087160000, 0x00000000adaa0000)
  eden space 33920K, 100% used [0x0000000084800000, 0x0000000086920000, 0x0000000086920000)
  from space 4224K,  60% used [0x0000000086d40000, 0x0000000086fbc8a8, 0x0000000087160000)
  to   space 4224K,   0% used [0x0000000086920000, 0x0000000086920000, 0x0000000086d40000)
 tenured generation   total 84672K, used 24528K [0x00000000adaa0000, 0x00000000b2d50000, 0x0000000100000000)
   the space 84672K,  28% used [0x00000000adaa0000, 0x00000000af2943f8, 0x00000000af294400, 0x00000000b2d50000)
 Metaspace       used 45402K, capacity 48264K, committed 48512K, reserved 1091584K
  class space    used 5518K, capacity 6001K, committed 6016K, reserved 1048576K
Event: 27.956 GC heap after
Heap after GC invocations=13 (full 2):
 def new generation   total 38144K, used 682K [0x0000000084800000, 0x0000000087160000, 0x00000000adaa0000)
  eden space 33920K,   0% used [0x0000000084800000, 0x0000000084800000, 0x0000000086920000)
  from space 4224K,  16% used [0x0000000086920000, 0x00000000869ca9a0, 0x0000000086d40000)
  to   space 4224K,   0% used [0x0000000086d40000, 0x0000000086d40000, 0x0000000087160000)
 tenured generation   total 84672K, used 25703K [0x00000000adaa0000, 0x00000000b2d50000, 0x0000000100000000)
   the space 84672K,  30% used [0x00000000adaa0000, 0x00000000af3b9d40, 0x00000000af3b9e00, 0x00000000b2d50000)
 Metaspace       used 45402K, capacity 48264K, committed 48512K, reserved 1091584K
  class space    used 5518K, capacity 6001K, committed 6016K, reserved 1048576K
}
Event: 28.369 GC heap before
{Heap before GC invocations=13 (full 2):
 def new generation   total 38144K, used 34602K [0x0000000084800000, 0x0000000087160000, 0x00000000adaa0000)
  eden space 33920K, 100% used [0x0000000084800000, 0x0000000086920000, 0x0000000086920000)
  from space 4224K,  16% used [0x0000000086920000, 0x00000000869ca9a0, 0x0000000086d40000)
  to   space 4224K,   0% used [0x0000000086d40000, 0x0000000086d40000, 0x0000000087160000)
 tenured generation   total 84672K, used 25703K [0x00000000adaa0000, 0x00000000b2d50000, 0x0000000100000000)
   the space 84672K,  30% used [0x00000000adaa0000, 0x00000000af3b9d40, 0x00000000af3b9e00, 0x00000000b2d50000)
 Metaspace       used 46462K, capacity 49288K, committed 49408K, reserved 1093632K
  class space    used 5619K, capacity 6104K, committed 6144K, reserved 1048576K
Event: 28.372 GC heap after
Heap after GC invocations=14 (full 2):
 def new generation   total 38144K, used 788K [0x0000000084800000, 0x0000000087160000, 0x00000000adaa0000)
  eden space 33920K,   0% used [0x0000000084800000, 0x0000000084800000, 0x0000000086920000)
  from space 4224K,  18% used [0x0000000086d40000, 0x0000000086e051d8, 0x0000000087160000)
  to   space 4224K,   0% used [0x0000000086920000, 0x0000000086920000, 0x0000000086d40000)
 tenured generation   total 84672K, used 25703K [0x00000000adaa0000, 0x00000000b2d50000, 0x0000000100000000)
   the space 84672K,  30% used [0x00000000adaa0000, 0x00000000af3b9d40, 0x00000000af3b9e00, 0x00000000b2d50000)
 Metaspace       used 46462K, capacity 49288K, committed 49408K, reserved 1093632K
  class space    used 5619K, capacity 6104K, committed 6144K, reserved 1048576K
}

