# JRE version: OpenJDK Runtime Environment (8.0_402) (build 1.8.0_402-internal-racerz_2024_01_30_12_46-b00)
# Java VM: OpenJDK 64-Bit Server VM (25.402-b00 mixed mode linux-amd64 compressed oops)
Heap:
 def new generation   total 38144K, used 13665K [0x0000000084800000, 0x0000000087160000, 0x00000000adaa0000)
  eden space 33920K,  29% used [0x0000000084800000, 0x00000000851d02d8, 0x0000000086920000)
  from space 4224K,  85% used [0x0000000086920000, 0x0000000086ca8520, 0x0000000086d40000)
  to   space 4224K,   0% used [0x0000000086d40000, 0x0000000086d40000, 0x0000000087160000)
 tenured generation   total 84672K, used 27332K [0x00000000adaa0000, 0x00000000b2d50000, 0x0000000100000000)
   the space 84672K,  32% used [0x00000000adaa0000, 0x00000000af5510c0, 0x00000000af551200, 0x00000000b2d50000)
 Metaspace       used 50013K, capacity 52914K, committed 53120K, reserved 1095680K
  class space    used 6046K, capacity 6519K, committed 6528K, reserved 1048576K
GC Heap History (10 events):
Event: 39.511 GC heap before
{Heap before GC invocations=10 (full 2):
 def new generation   total 38144K, used 35226K [0x0000000084800000, 0x0000000087160000, 0x00000000adaa0000)
  eden space 33920K, 100% used [0x0000000084800000, 0x0000000086920000, 0x0000000086920000)
  from space 4224K,  30% used [0x0000000086d40000, 0x0000000086e86ac8, 0x0000000087160000)
  to   space 4224K,   0% used [0x0000000086920000, 0x0000000086920000, 0x0000000086d40000)
 tenured generation   total 84672K, used 24530K [0x00000000adaa0000, 0x00000000b2d50000, 0x0000000100000000)
   the space 84672K,  28% used [0x00000000adaa0000, 0x00000000af294920, 0x00000000af294a00, 0x00000000b2d50000)
 Metaspace       used 41690K, capacity 44354K, committed 44416K, reserved 1087488K
  class space    used 5026K, capacity 5484K, committed 5504K, reserved 1048576K
Event: 39.516 GC heap after
Heap after GC invocations=11 (full 2):
 def new generation   total 38144K, used 3197K [0x0000000084800000, 0x0000000087160000, 0x00000000adaa0000)
  eden space 33920K,   0% used [0x0000000084800000, 0x0000000084800000, 0x0000000086920000)
  from space 4224K,  75% used [0x0000000086920000, 0x0000000086c3f630, 0x0000000086d40000)
  to   space 4224K,   0% used [0x0000000086d40000, 0x0000000086d40000, 0x0000000087160000)
 tenured generation   total 84672K, used 24530K [0x00000000adaa0000, 0x00000000b2d50000, 0x0000000100000000)
   the space 84672K,  28% used [0x00000000adaa0000, 0x00000000af294920, 0x00000000af294a00, 0x00000000b2d50000)
 Metaspace       used 41690K, capacity 44354K, committed 44416K, reserved 1087488K
  class space    used 5026K, capacity 5484K, committed 5504K, reserved 1048576K
}
Event: 40.696 GC heap before
{Heap before GC invocations=11 (full 2):
 def new generation   total 38144K, used 37117K [0x0000000084800000, 0x0000000087160000, 0x00000000adaa0000)
  eden space 33920K, 100% used [0x0000000084800000, 0x0000000086920000, 0x0000000086920000)
  from space 4224K,  75% used [0x0000000086920000, 0x0000000086c3f630, 0x0000000086d40000)
  to   space 4224K,   0% used [0x0000000086d40000, 0x0000000086d40000, 0x0000000087160000)
 tenured generation   total 84672K, used 24530K [0x00000000adaa0000, 0x00000000b2d50000, 0x0000000100000000)
   the space 84672K,  28% used [0x00000000adaa0000, 0x00000000af294920, 0x00000000af294a00, 0x00000000b2d50000)
 Metaspace       used 44671K, capacity 47482K, committed 47744K, reserved 1091584K
  class space    used 5440K, capacity 5898K, committed 6016K, reserved 1048576K
Event: 40.703 GC heap after
Heap after GC invocations=12 (full 2):
 def new generation   total 38144K, used 3191K [0x0000000084800000, 0x0000000087160000, 0x00000000adaa0000)
  eden space 33920K,   0% used [0x0000000084800000, 0x0000000084800000, 0x0000000086920000)
  from space 4224K,  75% used [0x0000000086d40000, 0x000000008705dc68, 0x0000000087160000)
  to   space 4224K,   0% used [0x0000000086920000, 0x0000000086920000, 0x0000000086d40000)
 tenured generation   total 84672K, used 26038K [0x00000000adaa0000, 0x00000000b2d50000, 0x0000000100000000)
   the space 84672K,  30% used [0x00000000adaa0000, 0x00000000af40da00, 0x00000000af40da00, 0x00000000b2d50000)
 Metaspace       used 44671K, capacity 47482K, committed 47744K, reserved 1091584K
  class space    used 5440K, capacity 5898K, committed 6016K, reserved 1048576K
}
Event: 41.107 GC heap before
{Heap before GC invocations=12 (full 2):
 def new generation   total 38144K, used 37111K [0x0000000084800000, 0x0000000087160000, 0x00000000adaa0000)
  eden space 33920K, 100% used [0x0000000084800000, 0x0000000086920000, 0x0000000086920000)
  from space 4224K,  75% used [0x0000000086d40000, 0x000000008705dc68, 0x0000000087160000)
  to   space 4224K,   0% used [0x0000000086920000, 0x0000000086920000, 0x0000000086d40000)
 tenured generation   total 84672K, used 26038K [0x00000000adaa0000, 0x00000000b2d50000, 0x0000000100000000)
   the space 84672K,  30% used [0x00000000adaa0000, 0x00000000af40da00, 0x00000000af40da00, 0x00000000b2d50000)
 Metaspace       used 45383K, capacity 48264K, committed 48512K, reserved 1091584K
  class space    used 5517K, capacity 6001K, committed 6016K, reserved 1048576K
Event: 41.111 GC heap after
Heap after GC invocations=13 (full 2):
 def new generation   total 38144K, used 694K [0x0000000084800000, 0x0000000087160000, 0x00000000adaa0000)
  eden space 33920K,   0% used [0x0000000084800000, 0x0000000084800000, 0x0000000086920000)
  from space 4224K,  16% used [0x0000000086920000, 0x00000000869cda68, 0x0000000086d40000)
  to   space 4224K,   0% used [0x0000000086d40000, 0x0000000086d40000, 0x0000000087160000)
 tenured generation   total 84672K, used 27332K [0x00000000adaa0000, 0x00000000b2d50000, 0x0000000100000000)
   the space 84672K,  32% used [0x00000000adaa0000, 0x00000000af5510c0, 0x00000000af551200, 0x00000000b2d50000)
 Metaspace       used 45383K, capacity 48264K, committed 48512K, reserved 1091584K
  class space    used 5517K, capacity 6001K, committed 6016K, reserved 1048576K
}
Event: 41.741 GC heap before
{Heap before GC invocations=13 (full 2):
 def new generation   total 38144K, used 34510K [0x0000000084800000, 0x0000000087160000, 0x00000000adaa0000)
  eden space 33920K,  99% used [0x0000000084800000, 0x00000000869060f0, 0x0000000086920000)
  from space 4224K,  16% used [0x0000000086920000, 0x00000000869cda68, 0x0000000086d40000)
  to   space 4224K,   0% used [0x0000000086d40000, 0x0000000086d40000, 0x0000000087160000)
 tenured generation   total 84672K, used 27332K [0x00000000adaa0000, 0x00000000b2d50000, 0x0000000100000000)
   the space 84672K,  32% used [0x00000000adaa0000, 0x00000000af5510c0, 0x00000000af551200, 0x00000000b2d50000)
 Metaspace       used 46861K, capacity 49766K, committed 50048K, reserved 1093632K
  class space    used 5661K, capacity 6173K, committed 6272K, reserved 1048576K
Event: 41.746 GC heap after
Heap after GC invocations=14 (full 2):
 def new generation   total 38144K, used 1443K [0x0000000084800000, 0x0000000087160000, 0x00000000adaa0000)
  eden space 33920K,   0% used [0x0000000084800000, 0x0000000084800000, 0x0000000086920000)
  from space 4224K,  34% used [0x0000000086d40000, 0x0000000086ea8f68, 0x0000000087160000)
  to   space 4224K,   0% used [0x0000000086920000, 0x0000000086920000, 0x0000000086d40000)
 tenured generation   total 84672K, used 27332K [0x00000000adaa0000, 0x00000000b2d50000, 0x0000000100000000)
   the space 84672K,  32% used [0x00000000adaa0000, 0x00000000af5510c0, 0x00000000af551200, 0x00000000b2d50000)
 Metaspace       used 46861K, capacity 49766K, committed 50048K, reserved 1093632K
  class space    used 5661K, capacity 6173K, committed 6272K, reserved 1048576K
}
Event: 42.674 GC heap before
{Heap before GC invocations=14 (full 2):
 def new generation   total 38144K, used 35362K [0x0000000084800000, 0x0000000087160000, 0x00000000adaa0000)
  eden space 33920K,  99% used [0x0000000084800000, 0x000000008691fa40, 0x0000000086920000)
  from space 4224K,  34% used [0x0000000086d40000, 0x0000000086ea8f68, 0x0000000087160000)
  to   space 4224K,   0% used [0x0000000086920000, 0x0000000086920000, 0x0000000086d40000)
 tenured generation   total 84672K, used 27332K [0x00000000adaa0000, 0x00000000b2d50000, 0x0000000100000000)
   the space 84672K,  32% used [0x00000000adaa0000, 0x00000000af5510c0, 0x00000000af551200, 0x00000000b2d50000)
 Metaspace       used 49994K, capacity 52908K, committed 53120K, reserved 1095680K
  class space    used 6046K, capacity 6518K, committed 6528K, reserved 1048576K
Event: 42.682 GC heap after
Heap after GC invocations=15 (full 2):
 def new generation   total 38144K, used 3617K [0x0000000084800000, 0x0000000087160000, 0x00000000adaa0000)
  eden space 33920K,   0% used [0x0000000084800000, 0x0000000084800000, 0x0000000086920000)
  from space 4224K,  85% used [0x0000000086920000, 0x0000000086ca8520, 0x0000000086d40000)
  to   space 4224K,   0% used [0x0000000086d40000, 0x0000000086d40000, 0x0000000087160000)
 tenured generation   total 84672K, used 27332K [0x00000000adaa0000, 0x00000000b2d50000, 0x0000000100000000)
   the space 84672K,  32% used [0x00000000adaa0000, 0x00000000af5510c0, 0x00000000af551200, 0x00000000b2d50000)
 Metaspace       used 49994K, capacity 52908K, committed 53120K, reserved 1095680K
  class space    used 6046K, capacity 6518K, committed 6528K, reserved 1048576K
}

