# JRE version: OpenJDK Runtime Environment (8.0_402) (build 1.8.0_402-internal-racerz_2024_01_30_12_46-b00)
# Java VM: OpenJDK 64-Bit Server VM (25.402-b00 mixed mode linux-amd64 compressed oops)
Heap:
 def new generation   total 38144K, used 33114K [0x0000000084800000, 0x0000000087160000, 0x00000000adaa0000)
  eden space 33920K,  92% used [0x0000000084800000, 0x00000000866a8c10, 0x0000000086920000)
  from space 4224K,  40% used [0x0000000086d40000, 0x0000000086eedf80, 0x0000000087160000)
  to   space 4224K,   0% used [0x0000000086920000, 0x0000000086920000, 0x0000000086d40000)
 tenured generation   total 84672K, used 25602K [0x00000000adaa0000, 0x00000000b2d50000, 0x0000000100000000)
   the space 84672K,  30% used [0x00000000adaa0000, 0x00000000af3a0928, 0x00000000af3a0a00, 0x00000000b2d50000)
 Metaspace       used 49920K, capacity 52841K, committed 52864K, reserved 1095680K
  class space    used 6042K, capacity 6517K, committed 6528K, reserved 1048576K
GC Heap History (10 events):
Event: 27.737 GC heap before
{Heap before GC invocations=9 (full 2):
 def new generation   total 38144K, used 34789K [0x0000000084800000, 0x0000000087160000, 0x00000000adaa0000)
  eden space 33920K, 100% used [0x0000000084800000, 0x0000000086920000, 0x0000000086920000)
  from space 4224K,  20% used [0x0000000086920000, 0x00000000869f95f8, 0x0000000086d40000)
  to   space 4224K,   0% used [0x0000000086d40000, 0x0000000086d40000, 0x0000000087160000)
 tenured generation   total 84672K, used 21994K [0x00000000adaa0000, 0x00000000b2d50000, 0x0000000100000000)
   the space 84672K,  25% used [0x00000000adaa0000, 0x00000000af01a978, 0x00000000af01aa00, 0x00000000b2d50000)
 Metaspace       used 39654K, capacity 42251K, committed 42496K, reserved 1087488K
  class space    used 4815K, capacity 5267K, committed 5376K, reserved 1048576K
Event: 27.746 GC heap after
Heap after GC invocations=10 (full 2):
 def new generation   total 38144K, used 2428K [0x0000000084800000, 0x0000000087160000, 0x00000000adaa0000)
  eden space 33920K,   0% used [0x0000000084800000, 0x0000000084800000, 0x0000000086920000)
  from space 4224K,  57% used [0x0000000086d40000, 0x0000000086f9f1b0, 0x0000000087160000)
  to   space 4224K,   0% used [0x0000000086920000, 0x0000000086920000, 0x0000000086d40000)
 tenured generation   total 84672K, used 21994K [0x00000000adaa0000, 0x00000000b2d50000, 0x0000000100000000)
   the space 84672K,  25% used [0x00000000adaa0000, 0x00000000af01a978, 0x00000000af01aa00, 0x00000000b2d50000)
 Metaspace       used 39654K, capacity 42251K, committed 42496K, reserved 1087488K
  class space    used 4815K, capacity 5267K, committed 5376K, reserved 1048576K
}
Event: 29.270 GC heap before
{Heap before GC invocations=10 (full 2):
 def new generation   total 38144K, used 36348K [0x0000000084800000, 0x0000000087160000, 0x00000000adaa0000)
  eden space 33920K, 100% used [0x0000000084800000, 0x0000000086920000, 0x0000000086920000)
  from space 4224K,  57% used [0x0000000086d40000, 0x0000000086f9f1b0, 0x0000000087160000)
  to   space 4224K,   0% used [0x0000000086920000, 0x0000000086920000, 0x0000000086d40000)
 tenured generation   total 84672K, used 21994K [0x00000000adaa0000, 0x00000000b2d50000, 0x0000000100000000)
   the space 84672K,  25% used [0x00000000adaa0000, 0x00000000af01a978, 0x00000000af01aa00, 0x00000000b2d50000)
 Metaspace       used 41968K, capacity 44655K, committed 44800K, reserved 1089536K
  class space    used 5063K, capacity 5517K, committed 5632K, reserved 1048576K
Event: 29.276 GC heap after
Heap after GC invocations=11 (full 2):
 def new generation   total 38144K, used 4118K [0x0000000084800000, 0x0000000087160000, 0x00000000adaa0000)
  eden space 33920K,   0% used [0x0000000084800000, 0x0000000084800000, 0x0000000086920000)
  from space 4224K,  97% used [0x0000000086920000, 0x0000000086d25b28, 0x0000000086d40000)
  to   space 4224K,   0% used [0x0000000086d40000, 0x0000000086d40000, 0x0000000087160000)
 tenured generation   total 84672K, used 22391K [0x00000000adaa0000, 0x00000000b2d50000, 0x0000000100000000)
   the space 84672K,  26% used [0x00000000adaa0000, 0x00000000af07de50, 0x00000000af07e000, 0x00000000b2d50000)
 Metaspace       used 41968K, capacity 44655K, committed 44800K, reserved 1089536K
  class space    used 5063K, capacity 5517K, committed 5632K, reserved 1048576K
}
Event: 30.358 GC heap before
{Heap before GC invocations=11 (full 2):
 def new generation   total 38144K, used 38038K [0x0000000084800000, 0x0000000087160000, 0x00000000adaa0000)
  eden space 33920K, 100% used [0x0000000084800000, 0x0000000086920000, 0x0000000086920000)
  from space 4224K,  97% used [0x0000000086920000, 0x0000000086d25b28, 0x0000000086d40000)
  to   space 4224K,   0% used [0x0000000086d40000, 0x0000000086d40000, 0x0000000087160000)
 tenured generation   total 84672K, used 22391K [0x00000000adaa0000, 0x00000000b2d50000, 0x0000000100000000)
   the space 84672K,  26% used [0x00000000adaa0000, 0x00000000af07de50, 0x00000000af07e000, 0x00000000b2d50000)
 Metaspace       used 44695K, capacity 47489K, committed 47744K, reserved 1091584K
  class space    used 5445K, capacity 5898K, committed 6016K, reserved 1048576K
Event: 30.366 GC heap after
Heap after GC invocations=12 (full 2):
 def new generation   total 38144K, used 2527K [0x0000000084800000, 0x0000000087160000, 0x00000000adaa0000)
  eden space 33920K,   0% used [0x0000000084800000, 0x0000000084800000, 0x0000000086920000)
  from space 4224K,  59% used [0x0000000086d40000, 0x0000000086fb7fe8, 0x0000000087160000)
  to   space 4224K,   0% used [0x0000000086920000, 0x0000000086920000, 0x0000000086d40000)
 tenured generation   total 84672K, used 24700K [0x00000000adaa0000, 0x00000000b2d50000, 0x0000000100000000)
   the space 84672K,  29% used [0x00000000adaa0000, 0x00000000af2bf0a8, 0x00000000af2bf200, 0x00000000b2d50000)
 Metaspace       used 44695K, capacity 47489K, committed 47744K, reserved 1091584K
  class space    used 5445K, capacity 5898K, committed 6016K, reserved 1048576K
}
Event: 30.796 GC heap before
{Heap before GC invocations=12 (full 2):
 def new generation   total 38144K, used 36447K [0x0000000084800000, 0x0000000087160000, 0x00000000adaa0000)
  eden space 33920K, 100% used [0x0000000084800000, 0x0000000086920000, 0x0000000086920000)
  from space 4224K,  59% used [0x0000000086d40000, 0x0000000086fb7fe8, 0x0000000087160000)
  to   space 4224K,   0% used [0x0000000086920000, 0x0000000086920000, 0x0000000086d40000)
 tenured generation   total 84672K, used 24700K [0x00000000adaa0000, 0x00000000b2d50000, 0x0000000100000000)
   the space 84672K,  29% used [0x00000000adaa0000, 0x00000000af2bf0a8, 0x00000000af2bf200, 0x00000000b2d50000)
 Metaspace       used 45380K, capacity 48203K, committed 48256K, reserved 1091584K
  class space    used 5520K, capacity 6001K, committed 6016K, reserved 1048576K
Event: 30.801 GC heap after
Heap after GC invocations=13 (full 2):
 def new generation   total 38144K, used 754K [0x0000000084800000, 0x0000000087160000, 0x00000000adaa0000)
  eden space 33920K,   0% used [0x0000000084800000, 0x0000000084800000, 0x0000000086920000)
  from space 4224K,  17% used [0x0000000086920000, 0x00000000869dca10, 0x0000000086d40000)
  to   space 4224K,   0% used [0x0000000086d40000, 0x0000000086d40000, 0x0000000087160000)
 tenured generation   total 84672K, used 25602K [0x00000000adaa0000, 0x00000000b2d50000, 0x0000000100000000)
   the space 84672K,  30% used [0x00000000adaa0000, 0x00000000af3a0928, 0x00000000af3a0a00, 0x00000000b2d50000)
 Metaspace       used 45380K, capacity 48203K, committed 48256K, reserved 1091584K
  class space    used 5520K, capacity 6001K, committed 6016K, reserved 1048576K
}
Event: 31.257 GC heap before
{Heap before GC invocations=13 (full 2):
 def new generation   total 38144K, used 34674K [0x0000000084800000, 0x0000000087160000, 0x00000000adaa0000)
  eden space 33920K, 100% used [0x0000000084800000, 0x0000000086920000, 0x0000000086920000)
  from space 4224K,  17% used [0x0000000086920000, 0x00000000869dca10, 0x0000000086d40000)
  to   space 4224K,   0% used [0x0000000086d40000, 0x0000000086d40000, 0x0000000087160000)
 tenured generation   total 84672K, used 25602K [0x00000000adaa0000, 0x00000000b2d50000, 0x0000000100000000)
   the space 84672K,  30% used [0x00000000adaa0000, 0x00000000af3a0928, 0x00000000af3a0a00, 0x00000000b2d50000)
 Metaspace       used 46793K, capacity 49729K, committed 50048K, reserved 1093632K
  class space    used 5668K, capacity 6177K, committed 6272K, reserved 1048576K
Event: 31.263 GC heap after
Heap after GC invocations=14 (full 2):
 def new generation   total 38144K, used 1719K [0x0000000084800000, 0x0000000087160000, 0x00000000adaa0000)
  eden space 33920K,   0% used [0x0000000084800000, 0x0000000084800000, 0x0000000086920000)
  from space 4224K,  40% used [0x0000000086d40000, 0x0000000086eedf80, 0x0000000087160000)
  to   space 4224K,   0% used [0x0000000086920000, 0x0000000086920000, 0x0000000086d40000)
 tenured generation   total 84672K, used 25602K [0x00000000adaa0000, 0x00000000b2d50000, 0x0000000100000000)
   the space 84672K,  30% used [0x00000000adaa0000, 0x00000000af3a0928, 0x00000000af3a0a00, 0x00000000b2d50000)
 Metaspace       used 46793K, capacity 49729K, committed 50048K, reserved 1093632K
  class space    used 5668K, capacity 6177K, committed 6272K, reserved 1048576K
}

